<?xml version="1.0" encoding="UTF-8"?>
<!-- Generated by org.testng.reporters.JUnitReportReporter -->
<testsuite skipped="0" hostname="YuvaRaj" name="com.actime.customertest.CustomerTest" tests="2" failures="0" timestamp="02 Mar 2018 13:06:30 GMT" time="25.121" errors="0">
  <testcase name="createCustomerWithDescpTest" time="13.228" classname="com.actime.customertest.CustomerTest"/>
  <testcase name="createCustomerTest" time="11.893" classname="com.actime.customertest.CustomerTest"/>
</testsuite> <!-- com.actime.customertest.CustomerTest -->
